<?xml version="1.0" encoding="utf-8"?>
<TestRun id="89a68f78-961f-43a0-886e-d82081d603ba" name="test@TEST-SPB 2022-11-22 19:30:52" runUser="MAIN\test" xmlns="http://microsoft.com/schemas/VisualStudio/TeamTest/2010">
  <Times creation="2022-11-22T19:30:52.9035609+03:00" queuing="2022-11-22T19:30:52.9035609+03:00" start="2022-11-22T19:30:51.6680154+03:00" finish="2022-11-22T19:30:52.9452152+03:00" />
  <TestSettings name="default" id="a59b3cc6-5162-4859-86bc-9c9114d414f2">
    <Deployment runDeploymentRoot="TEST-SPB_2018-11-22_19_30_52" />
  </TestSettings>
  <Results>
    <UnitTestResult executionId="3f4133a4-b1ad-4496-8199-564cbcdd7684" testId="fe4f20e5-85d2-fe23-3726-b47d91415b48" testName="StatusClientNotStarted" computerName="TEST-SPB" duration="00:00:00.0000001" testType="13cdc9d9-ddb5-4fa4-a97d-d965ccfc6d4b" outcome="Passed" testListId="8c84fa94-04c1-424b-9868-57a2d4851a1d" relativeResultsDirectory="3f4133a4-b1ad-4496-8199-564cbcdd7684">
      <Output>        
      </Output>
    </UnitTestResult>		
    <UnitTestResult executionId="d087d698-b75f-4ca5-9561-d8324ca941e7" testId="39f2900e-cb4c-da62-78b8-92b3865dcf8c" testName="CallTest" computerName="TEST-SPB" duration="00:00:00.0000001" testType="13cdc9d9-ddb5-4fa4-a97d-d965ccfc6d4b" outcome="Failed" testListId="8c84fa94-04c1-424b-9868-57a2d4851a1d" relativeResultsDirectory="d087d698-b75f-4ca5-9561-d8324ca941e7">
      <Output>
        <ErrorInfo>
          <Message>OneTimeSetUp: System.InvalidOperationException : System.ArgumentNullException: Value cannot be null.&#xD;
Parameter name: Required parameter 'TestDataFile' is not set&#xD;
   at Utils.RunParameters.GetRequiredParameterByName(String name)&#xD;
   at Utils.RunParameters.get_TestDataFile()&#xD;
   at Utils.RunParameters.GetTestData()&#xD;
   at Utils.Helper.ctor()&#xD;
   at Tests.Managers.UserManager..ctor()&#xD;
   at Tests.OneTimeSetUp()&#xD;
  ----&gt; System.ArgumentNullException : Value cannot be null.&#xD;
Parameter name: Required parameter 'TestDataFile' is not set</Message>
        </ErrorInfo>
      </Output>
    </UnitTestResult>
    <UnitTestResult executionId="bec3d3ac-02d8-42a1-8c97-10bd9f6210b8" testId="96c75d17-93f6-641f-9288-c81d0b820819" testName="ChangeStatusToBusy" computerName="TEST-SPB" duration="00:00:00.0000001" testType="13cdc9d9-ddb5-4fa4-a97d-d965ccfc6d4b" outcome="Skipped" testListId="8c84fa94-04c1-424b-9868-57a2d4851a1d" relativeResultsDirectory="bec3d3ac-02d8-42a1-8c97-10bd9f6210b8">
      <Output>        
      </Output>
    </UnitTestResult>
    <UnitTestResult executionId="f6822565-cf8d-4d73-ab18-4078c6825dd1" testId="70c522c3-4f2a-ccbd-1b42-5d5c5cb954f6" testName="ChatTest" computerName="TEST-SPB" duration="00:00:00.0000001" testType="13cdc9d9-ddb5-4fa4-a97d-d965ccfc6d4b" outcome="Failed" testListId="8c84fa94-04c1-424b-9868-57a2d4851a1d" relativeResultsDirectory="f6822565-cf8d-4d73-ab18-4078c6825dd1">
      <Output>
        <ErrorInfo>
          <Message>OneTimeSetUp: System.InvalidOperationException : System.ArgumentNullException: Value cannot be null.&#xD;
Parameter name: Required parameter 'TestDataFile' is not set&#xD;
   at Utils.RunParameters.GetRequiredParameterByName(String name)&#xD;
   at Utils.RunParameters.get_TestDataFile()&#xD;
   at Utils.RunParameters.GetTestData()&#xD;
   at Utils.Helper.ctor()&#xD;
   at Tests.Managers.UserManager..ctor()&#xD;
   at Tests.OneTimeSetUp()&#xD;
  ----&gt; System.ArgumentNullException : Value cannot be null.&#xD;
Parameter name: Required parameter 'TestDataFile' is not set</Message>
        </ErrorInfo>
      </Output>
    </UnitTestResult>
    <UnitTestResult executionId="274cf68b-83be-4476-8c05-b05891a3ca03" testId="9da27b7b-d4b3-6cd6-a000-df1c981b4d55" testName="ChangeStatusToNoActivity" computerName="TEST-SPB" duration="00:00:00.0000001" testType="13cdc9d9-ddb5-4fa4-a97d-d965ccfc6d4b" outcome="Failed" testListId="8c84fa94-04c1-424b-9868-57a2d4851a1d" relativeResultsDirectory="274cf68b-83be-4476-8c05-b05891a3ca03">
      <Output>
        <ErrorInfo>
          <Message>OneTimeSetUp: System.InvalidOperationException : System.ArgumentNullException: Value cannot be null.&#xD;
Parameter name: Required parameter 'TestDataFile' is not set&#xD;
   at Utils.RunParameters.GetRequiredParameterByName(String name)&#xD;
   at RunParameters.get_TestDataFile()&#xD;
   at Utils.RunParameters.GetTestData()&#xD;
   at Utils.Helper.ctor()&#xD;
   at Tests.Managers.UserManager..ctor()&#xD;
   at Tests.OneTimeSetUp()&#xD;
  ----&gt; System.ArgumentNullException : Value cannot be null.&#xD;
Parameter name: Required parameter 'TestDataFile' is not set</Message>
        </ErrorInfo>
      </Output>
    </UnitTestResult>
  </Results>
  <TestDefinitions>
    <UnitTest name="StatusClientNotStarted" storage="c:\users\test-user\source\repos\test.dll" id="fe4f20e5-85d2-fe23-3726-b47d91415b48">
      <Execution id="3f4133a4-b1ad-4496-8199-564cbcdd7684" />
      <TestMethod codeBase="c:\users\test-user\source\repos\test.dll" adapterTypeName="executor://nunit3testexecutor/" className="EndToEndTests" name="StatusClientNotStarted" />
    </UnitTest>
    <UnitTest name="CallTest" storage="c:\users\test-user\source\repos\test.dll" id="39f2900e-cb4c-da62-78b8-92b3865dcf8c">
      <Execution id="d087d698-b75f-4ca5-9561-d8324ca941e7" />
      <TestMethod codeBase="c:\users\test-user\source\repos\test.dll" adapterTypeName="executor://nunit3testexecutor/" className="EndToEndTests" name="CallTest" />
    </UnitTest>
    <UnitTest name="ChangeStatusToBusy" storage="c:\users\test-user\source\repos\test.dll" id="96c75d17-93f6-641f-9288-c81d0b820819">
      <Execution id="bec3d3ac-02d8-42a1-8c97-10bd9f6210b8" />
      <TestMethod codeBase="c:\users\test-user\source\repos\test.dll" adapterTypeName="executor://nunit3testexecutor/" className="EndToEndTests" name="ChangeStatusToBusy" />
    </UnitTest>
    <UnitTest name="ChangeStatusToNoActivity" storage="c:\users\test-user\source\repos\test.dll" id="9da27b7b-d4b3-6cd6-a000-df1c981b4d55">
      <Execution id="274cf68b-83be-4476-8c05-b05891a3ca03" />
      <TestMethod codeBase="c:\users\test-user\source\repos\test.dll" adapterTypeName="executor://nunit3testexecutor/" className="EndToEndTests" name="ChangeStatusToNoActivity" />
    </UnitTest>
    <UnitTest name="ChatTest" storage="c:\users\test-user\source\repos\test.dll" id="70c522c3-4f2a-ccbd-1b42-5d5c5cb954f6">
      <Execution id="f6822565-cf8d-4d73-ab18-4078c6825dd1" />
      <TestMethod codeBase="c:\users\test-user\source\repos\test.dll" adapterTypeName="executor://nunit3testexecutor/" className="EndToEndTests" name="ChatTest" />
    </UnitTest>
  </TestDefinitions>
  <TestEntries>
    <TestEntry testId="fe4f20e5-85d2-fe23-3726-b47d91415b48" executionId="3f4133a4-b1ad-4496-8199-564cbcdd7684" testListId="8c84fa94-04c1-424b-9868-57a2d4851a1d" />
    <TestEntry testId="39f2900e-cb4c-da62-78b8-92b3865dcf8c" executionId="d087d698-b75f-4ca5-9561-d8324ca941e7" testListId="8c84fa94-04c1-424b-9868-57a2d4851a1d" />
    <TestEntry testId="96c75d17-93f6-641f-9288-c81d0b820819" executionId="bec3d3ac-02d8-42a1-8c97-10bd9f6210b8" testListId="8c84fa94-04c1-424b-9868-57a2d4851a1d" />
    <TestEntry testId="70c522c3-4f2a-ccbd-1b42-5d5c5cb954f6" executionId="f6822565-cf8d-4d73-ab18-4078c6825dd1" testListId="8c84fa94-04c1-424b-9868-57a2d4851a1d" />
    <TestEntry testId="9da27b7b-d4b3-6cd6-a000-df1c981b4d55" executionId="274cf68b-83be-4476-8c05-b05891a3ca03" testListId="8c84fa94-04c1-424b-9868-57a2d4851a1d" />
  </TestEntries>
  <TestLists>
    <TestList name="Results Not in a List" id="8c84fa94-04c1-424b-9868-57a2d4851a1d" />
    <TestList name="All Loaded Results" id="19431567-8539-422a-85d7-44ee4e166bda" />
  </TestLists>
  <ResultSummary outcome="Failed">
    <Counters total="5" executed="4" passed="1" failed="3" error="0" timeout="0" aborted="0" inconclusive="0" passedButRunAborted="0" notRunnable="0" notExecuted="1" disconnected="0" warning="0" completed="0" inProgress="0" pending="0" />
    <Output>
      <StdOut>NUnit Adapter 3.10.0.21: Test execution startedRunning all tests in c:\users\test-user\source\repos\test.dllNUnit3TestExecutor converted 18 of 18 NUnit test casesNUnit Adapter 3.10.0.21: Test execution complete</StdOut>
    </Output>
    <RunInfos>
      <RunInfo computerName="TEST-SPB" outcome="Warning" timestamp="2022-11-22T19:30:52.7214235+03:00">
        <Text>SetUp failed for test fixture EndToEndTests</Text>
      </RunInfo>
      <RunInfo computerName="TEST-SPB" outcome="Warning" timestamp="2022-11-22T19:30:52.7232333+03:00">
        <Text>System.InvalidOperationException : System.ArgumentNullException: Value cannot be null.&#xD;
Parameter name: Required parameter 'TestDataFile' is not set&#xD;
   at Utils.RunParameters.GetRequiredParameterByName(String name)&#xD;
   at Utils.RunParameters.get_TestDataFile()&#xD;
   at Utils.RunParameters.GetTestData();
   at Tests.Managers.UserManager..ctor()&#xD;
   at Tests.OneTimeSetUp()</Text>
      </RunInfo>
      <RunInfo computerName="TEST-SPB" outcome="Warning" timestamp="2022-11-22T19:30:52.7272549+03:00">
        <Text>   at Tests.Tests.UniteTestBase.OneTimeSetUp()&#xD;
--ArgumentNullException&#xD;
   at Utils.RunParameters.GetRequiredParameterByName(String name)&#xD;
   at Utils.RunParameters.get_TestDataFile()&#xD;
   at Utils.RunParameters.GetTestData();
   at Tests.Managers.UserManager..ctor()&#xD;
   at Tests.OneTimeSetUp()</Text>
      </RunInfo>
    </RunInfos>
  </ResultSummary>
</TestRun>